<?xml version="1.0" encoding="UTF-8"?>
<!-- Generated by org.testng.reporters.JUnitXMLReporter -->
<testsuite ignored="0" hostname="DESKTOP-L5GVAI8" failures="0" tests="12" name="Test" time="181.47" errors="0" timestamp="2022-02-22T18:05:52 IST">
  <testcase classname="DeleteAccountTest_Scenario.GTPL_TestMethod" name="@BeforeClass start" time="8.836">
    <failure type="org.openqa.selenium.SessionNotCreatedException" message="session not created
from disconnected: Unable to receive message from renderer
  (Session info: chrome=98.0.4758.102)
Build info: version: &amp;apos;3.141.59&amp;apos;, revision: &amp;apos;e82be7d358&amp;apos;, time: &amp;apos;2018-11-14T08:17:03&amp;apos;
System info: host: &amp;apos;DESKTOP-L5GVAI8&amp;apos;, ip: &amp;apos;192.168.1.5&amp;apos;, os.name: &amp;apos;Windows 10&amp;apos;, os.arch: &amp;apos;amd64&amp;apos;, os.version: &amp;apos;10.0&amp;apos;, java.version: &amp;apos;17.0.2&amp;apos;
Driver info: driver.version: ChromeDriver
remote stacktrace: Backtrace:
	Ordinal0 [0x00E469A3+2582947]
	Ordinal0 [0x00DDA6D1+2139857]
	Ordinal0 [0x00CD3A98+1063576]
	Ordinal0 [0x00CC57E2+1005538]
	Ordinal0 [0x00CC4727+1001255]
	Ordinal0 [0x00CC49E6+1001958]
	Ordinal0 [0x00CC42C5+1000133]
	Ordinal0 [0x00CCF993+1046931]
	Ordinal0 [0x00CC4275+1000053]
	Ordinal0 [0x00CC51F8+1004024]
	Ordinal0 [0x00CC4727+1001255]
	Ordinal0 [0x00CC49E6+1001958]
	Ordinal0 [0x00CC42C5+1000133]
	Ordinal0 [0x00CCD6D3+1038035]
	Ordinal0 [0x00CC4275+1000053]
	Ordinal0 [0x00CC51F8+1004024]
	Ordinal0 [0x00CC4727+1001255]
	Ordinal0 [0x00CC49E6+1001958]
	Ordinal0 [0x00CC42C5+1000133]
	Ordinal0 [0x00CCB3B9+1029049]
	Ordinal0 [0x00CC4275+1000053]
	Ordinal0 [0x00CC51F8+1004024]
	Ordinal0 [0x00CC4727+1001255]
	Ordinal0 [0x00CC4AF7+1002231]
	Ordinal0 [0x00CC4AA8+1002152]
	Ordinal0 [0x00CCA566+1025382]
	Ordinal0 [0x00CC4275+1000053]
	Ordinal0 [0x00CC51F8+1004024]
	Ordinal0 [0x00CC4727+1001255]
	Ordinal0 [0x00CC49E6+1001958]
	Ordinal0 [0x00CC42C5+1000133]
	Ordinal0 [0x00CBFC8D+982157]
	Ordinal0 [0x00CC4275+1000053]
	Ordinal0 [0x00CC4000+999424]
	Ordinal0 [0x00CC3D49+998729]
	Ordinal0 [0x00CD4DD0+1068496]
	Ordinal0 [0x00D1E03C+1368124]
	Ordinal0 [0x00D1CC2A+1362986]
	Ordinal0 [0x00D18366+1344358]
	Ordinal0 [0x00CF5176+1200502]
	Ordinal0 [0x00CF6066+1204326]
	GetHandleVerifier [0x00FEBE02+1675858]
	GetHandleVerifier [0x010A036C+2414524]
	GetHandleVerifier [0x00EDBB01+560977]
	GetHandleVerifier [0x00EDA8D3+556323]
	Ordinal0 [0x00DE020E+2163214]
	Ordinal0 [0x00DE5078+2183288]
	Ordinal0 [0x00DE51C0+2183616]
	Ordinal0 [0x00DEEE1C+2223644]
	BaseThreadInitThunk [0x76CBFA29+25]
	RtlGetAppContainerNamedObjectPath [0x77A67A9E+286]
	RtlGetAppContainerNamedObjectPath [0x77A67A6E+238]
">
      <![CDATA[org.openqa.selenium.SessionNotCreatedException: session not created
from disconnected: Unable to receive message from renderer
  (Session info: chrome=98.0.4758.102)
Build info: version: '3.141.59', revision: 'e82be7d358', time: '2018-11-14T08:17:03'
System info: host: 'DESKTOP-L5GVAI8', ip: '192.168.1.5', os.name: 'Windows 10', os.arch: 'amd64', os.version: '10.0', java.version: '17.0.2'
Driver info: driver.version: ChromeDriver
remote stacktrace: Backtrace:
Ordinal0 [0x00E469A3+2582947]
Ordinal0 [0x00DDA6D1+2139857]
Ordinal0 [0x00CD3A98+1063576]
Ordinal0 [0x00CC57E2+1005538]
Ordinal0 [0x00CC4727+1001255]
Ordinal0 [0x00CC49E6+1001958]
Ordinal0 [0x00CC42C5+1000133]
Ordinal0 [0x00CCF993+1046931]
Ordinal0 [0x00CC4275+1000053]
Ordinal0 [0x00CC51F8+1004024]
Ordinal0 [0x00CC4727+1001255]
Ordinal0 [0x00CC49E6+1001958]
Ordinal0 [0x00CC42C5+1000133]
Ordinal0 [0x00CCD6D3+1038035]
Ordinal0 [0x00CC4275+1000053]
Ordinal0 [0x00CC51F8+1004024]
Ordinal0 [0x00CC4727+1001255]
Ordinal0 [0x00CC49E6+1001958]
Ordinal0 [0x00CC42C5+1000133]
Ordinal0 [0x00CCB3B9+1029049]
Ordinal0 [0x00CC4275+1000053]
Ordinal0 [0x00CC51F8+1004024]
Ordinal0 [0x00CC4727+1001255]
Ordinal0 [0x00CC4AF7+1002231]
Ordinal0 [0x00CC4AA8+1002152]
Ordinal0 [0x00CCA566+1025382]
Ordinal0 [0x00CC4275+1000053]
Ordinal0 [0x00CC51F8+1004024]
Ordinal0 [0x00CC4727+1001255]
Ordinal0 [0x00CC49E6+1001958]
Ordinal0 [0x00CC42C5+1000133]
Ordinal0 [0x00CBFC8D+982157]
Ordinal0 [0x00CC4275+1000053]
Ordinal0 [0x00CC4000+999424]
Ordinal0 [0x00CC3D49+998729]
Ordinal0 [0x00CD4DD0+1068496]
Ordinal0 [0x00D1E03C+1368124]
Ordinal0 [0x00D1CC2A+1362986]
Ordinal0 [0x00D18366+1344358]
Ordinal0 [0x00CF5176+1200502]
Ordinal0 [0x00CF6066+1204326]
GetHandleVerifier [0x00FEBE02+1675858]
GetHandleVerifier [0x010A036C+2414524]
GetHandleVerifier [0x00EDBB01+560977]
GetHandleVerifier [0x00EDA8D3+556323]
Ordinal0 [0x00DE020E+2163214]
Ordinal0 [0x00DE5078+2183288]
Ordinal0 [0x00DE51C0+2183616]
Ordinal0 [0x00DEEE1C+2223644]
BaseThreadInitThunk [0x76CBFA29+25]
RtlGetAppContainerNamedObjectPath [0x77A67A9E+286]
RtlGetAppContainerNamedObjectPath [0x77A67A6E+238]

at org.openqa.selenium.remote.W3CHandshakeResponse.lambda$errorHandler$0(W3CHandshakeResponse.java:62)
at org.openqa.selenium.remote.HandshakeResponse.lambda$getResponseFunction$0(HandshakeResponse.java:30)
at org.openqa.selenium.remote.ProtocolHandshake.lambda$createSession$0(ProtocolHandshake.java:126)
at java.base/java.util.stream.ReferencePipeline$3$1.accept(ReferencePipeline.java:197)
at java.base/java.util.Spliterators$ArraySpliterator.tryAdvance(Spliterators.java:1002)
at java.base/java.util.stream.ReferencePipeline.forEachWithCancel(ReferencePipeline.java:129)
at java.base/java.util.stream.AbstractPipeline.copyIntoWithCancel(AbstractPipeline.java:527)
at java.base/java.util.stream.AbstractPipeline.copyInto(AbstractPipeline.java:513)
at java.base/java.util.stream.AbstractPipeline.wrapAndCopyInto(AbstractPipeline.java:499)
at java.base/java.util.stream.FindOps$FindOp.evaluateSequential(FindOps.java:150)
at java.base/java.util.stream.AbstractPipeline.evaluate(AbstractPipeline.java:234)
at java.base/java.util.stream.ReferencePipeline.findFirst(ReferencePipeline.java:647)
at org.openqa.selenium.remote.ProtocolHandshake.createSession(ProtocolHandshake.java:128)
at org.openqa.selenium.remote.ProtocolHandshake.createSession(ProtocolHandshake.java:74)
at org.openqa.selenium.remote.HttpCommandExecutor.execute(HttpCommandExecutor.java:136)
at org.openqa.selenium.remote.service.DriverCommandExecutor.execute(DriverCommandExecutor.java:83)
at org.openqa.selenium.remote.RemoteWebDriver.execute(RemoteWebDriver.java:552)
at org.openqa.selenium.remote.RemoteWebDriver.startSession(RemoteWebDriver.java:213)
at org.openqa.selenium.remote.RemoteWebDriver.<init>(RemoteWebDriver.java:131)
at org.openqa.selenium.chrome.ChromeDriver.<init>(ChromeDriver.java:181)
at org.openqa.selenium.chrome.ChromeDriver.<init>(ChromeDriver.java:168)
at org.openqa.selenium.chrome.ChromeDriver.<init>(ChromeDriver.java:157)
at DeleteAccountTest_Scenario.GTPL_TestMethod.start(GTPL_TestMethod.java:38)
at java.base/java.util.ArrayList.forEach(ArrayList.java:1511)
... Removed 30 stack frames]]>
    </failure>
  </testcase> <!-- @BeforeClass start -->
  <testcase classname="DeleteAccountTest_Scenario.GTPL_TestMethod" name="@AfterClass stop" time="-1.645533180062E9">
    <skipped/>
  </testcase> <!-- @AfterClass stop -->
  <testcase classname="DeleteAccountTest_Scenario.GTPL_TestMethod" name="user" time="0.0">
    <skipped/>
  </testcase> <!-- user -->
  <testcase classname="DeleteAccountTest_Scenario.GTPL_TestMethod" name="passWord" time="0.0">
    <skipped/>
  </testcase> <!-- passWord -->
  <testcase classname="DeleteAccountTest_Scenario.GTPL_TestMethod" name="checkTheUrl" time="0.0">
    <skipped/>
  </testcase> <!-- checkTheUrl -->
  <testcase classname="DeleteAccountTest_Scenario.GTPL_TestMethod" name="clickDeleteAccount" time="0.0">
    <skipped/>
  </testcase> <!-- clickDeleteAccount -->
  <testcase classname="DeleteAccountTest_Scenario.GTPL_TestMethod" name="deletePageDetails" time="0.0">
    <skipped/>
  </testcase> <!-- deletePageDetails -->
  <testcase classname="DeleteAccountTest_Scenario.GTPL_TestMethod" name="deletetAccountPage" time="0.0">
    <skipped/>
  </testcase> <!-- deletetAccountPage -->
  <testcase classname="EditAccountTest_Scenario.GTPL_Test" name="user" time="0.377"/>
  <testcase classname="EditAccountTest_Scenario.GTPL_Test" name="passWord" time="1.626"/>
  <testcase classname="EditAccountTest_Scenario.GTPL_Test" name="checkTheUrl" time="0.158"/>
  <testcase classname="EditAccountTest_Scenario.GTPL_Test" name="clickEditAccount" time="2.583"/>
  <testcase classname="EditAccountTest_Scenario.GTPL_Test" name="editPageDetails" time="0.585"/>
  <testcase classname="EditAccountTest_Scenario.GTPL_Test" name="editAccountPage" time="10.919"/>
</testsuite> <!-- Test -->
