<?xml version="1.0" encoding="UTF-8"?>
<!-- Generated by org.testng.reporters.JUnitXMLReporter -->
<testsuite ignored="0" hostname="DESKTOP-GAHM23E" failures="1" tests="24" name="Test" time="81.904" errors="0" timestamp="2022-02-22T16:56:35 IST">
  <testcase classname="test.TestGTPLEdit" name="loginPageTitleTest" time="0.03"/>
  <testcase classname="test.TestGTPLEdit" name="EnterCredentialsTest" time="0.566"/>
  <testcase classname="test.TestGTPLEdit" name="submitCredentialsTest" time="2.12"/>
  <testcase classname="test.TestGTPLEdit" name="homePageTitleTest" time="0.014"/>
  <testcase classname="test.TestGTPLEdit" name="editCustomerMenuTest" time="3.099"/>
  <testcase classname="test.TestGTPLEdit" name="editCustomerPageTitleTest" time="0.013"/>
  <testcase classname="test.TestGTPLEdit" name="editCustomerFormTitleTest" time="0.1"/>
  <testcase classname="test.TestGTPLEdit" name="customerIDTitleAndInputTest" time="0.559"/>
  <testcase classname="test.TestGTPLEdit" name="SubmitButtonTest" time="1.15"/>
  <testcase classname="test.TestGTPLEdit" name="ResetButtonTest" time="0.517"/>
  <testcase classname="test.TestGTPLEdit" name="inputFormatTest" time="22.281"/>
  <testcase classname="test.TestGTPLEdit" name="HomeLinkTest" time="0.799"/>
  <testcase classname="test.TestGTPLDelete" name="loginPageTitleTest" time="0.008"/>
  <testcase classname="test.TestGTPLDelete" name="EnterCredentialsTest" time="0.454"/>
  <testcase classname="test.TestGTPLDelete" name="submitCredentialsTest" time="2.111"/>
  <testcase classname="test.TestGTPLDelete" name="homePageTitleTest" time="0.01"/>
  <testcase classname="test.TestGTPLDelete" name="deleteCustomerMenuTest" time="2.395"/>
  <testcase classname="test.TestGTPLDelete" name="deleteCustomerPageTitleTest" time="0.013"/>
  <testcase classname="test.TestGTPLDelete" name="deleteCustomerFormTitleTest" time="20.517">
    <failure type="org.openqa.selenium.TimeoutException" message="Expected condition failed: waiting for visibility of element located by By.xpath: (//*[text()=&amp;apos;Delete Customer Form&amp;apos;])[1] (tried for 20 second(s) with 500 milliseconds interval)
Build info: version: &amp;apos;3.141.59&amp;apos;, revision: &amp;apos;e82be7d358&amp;apos;, time: &amp;apos;2018-11-14T08:17:03&amp;apos;
System info: host: &amp;apos;DESKTOP-GAHM23E&amp;apos;, ip: &amp;apos;192.168.0.106&amp;apos;, os.name: &amp;apos;Windows 10&amp;apos;, os.arch: &amp;apos;amd64&amp;apos;, os.version: &amp;apos;10.0&amp;apos;, java.version: &amp;apos;17.0.1&amp;apos;
Driver info: org.openqa.selenium.chrome.ChromeDriver
Capabilities {acceptInsecureCerts: false, browserName: chrome, browserVersion: 98.0.4758.102, chrome: {chromedriverVersion: 98.0.4758.102 (273bf7ac8c90..., userDataDir: C:\Users\THIS_L~1\AppData\L...}, goog:chromeOptions: {debuggerAddress: localhost:62110}, javascriptEnabled: true, networkConnectionEnabled: false, pageLoadStrategy: normal, platform: WINDOWS, platformName: WINDOWS, proxy: Proxy(), setWindowRect: true, strictFileInteractability: false, timeouts: {implicit: 0, pageLoad: 300000, script: 30000}, unhandledPromptBehavior: dismiss and notify, webauthn:extension:credBlob: true, webauthn:extension:largeBlob: true, webauthn:virtualAuthenticators: true}
Session ID: 9d5ccc417407656a66bd23677c1b48c1">
      <![CDATA[org.openqa.selenium.TimeoutException: Expected condition failed: waiting for visibility of element located by By.xpath: (//*[text()='Delete Customer Form'])[1] (tried for 20 second(s) with 500 milliseconds interval)
Build info: version: '3.141.59', revision: 'e82be7d358', time: '2018-11-14T08:17:03'
System info: host: 'DESKTOP-GAHM23E', ip: '192.168.0.106', os.name: 'Windows 10', os.arch: 'amd64', os.version: '10.0', java.version: '17.0.1'
Driver info: org.openqa.selenium.chrome.ChromeDriver
Capabilities {acceptInsecureCerts: false, browserName: chrome, browserVersion: 98.0.4758.102, chrome: {chromedriverVersion: 98.0.4758.102 (273bf7ac8c90..., userDataDir: C:\Users\THIS_L~1\AppData\L...}, goog:chromeOptions: {debuggerAddress: localhost:62110}, javascriptEnabled: true, networkConnectionEnabled: false, pageLoadStrategy: normal, platform: WINDOWS, platformName: WINDOWS, proxy: Proxy(), setWindowRect: true, strictFileInteractability: false, timeouts: {implicit: 0, pageLoad: 300000, script: 30000}, unhandledPromptBehavior: dismiss and notify, webauthn:extension:credBlob: true, webauthn:extension:largeBlob: true, webauthn:virtualAuthenticators: true}
Session ID: 9d5ccc417407656a66bd23677c1b48c1
at org.openqa.selenium.support.ui.WebDriverWait.timeoutException(WebDriverWait.java:95)
at org.openqa.selenium.support.ui.FluentWait.until(FluentWait.java:272)
at deleteCustomerObjects.GTPLDeleteCustomerPage.deleteCustomerFormTitle(GTPLDeleteCustomerPage.java:36)
at test.TestGTPLDelete.deleteCustomerFormTitleTest(TestGTPLDelete.java:71)
at java.base/java.util.ArrayList.forEach(ArrayList.java:1511)
... Removed 27 stack frames]]>
    </failure>
  </testcase> <!-- deleteCustomerFormTitleTest -->
  <testcase classname="test.TestGTPLDelete" name="customerIDTitleAndInputDTest" time="0.231"/>
  <testcase classname="test.TestGTPLDelete" name="SubmitButtonDTest" time="1.909"/>
  <testcase classname="test.TestGTPLDelete" name="ResetButtonDTest" time="0.393"/>
  <testcase classname="test.TestGTPLDelete" name="inputFormatDTest" time="5.408"/>
  <testcase classname="test.TestGTPLDelete" name="HomeLinkDTest" time="0.765"/>
</testsuite> <!-- Test -->
