<?xml version="1.0" encoding="UTF-8"?>
<testng-results ignored="0" total="3" passed="3" failed="0" skipped="0">
  <reporter-output>
  </reporter-output>
  <suite started-at="2022-02-22T17:27:48 IST" name="Suite" finished-at="2022-02-22T17:28:36 IST" duration-ms="48006">
    <groups>
    </groups>
    <test started-at="2022-02-22T17:27:48 IST" name="Test" finished-at="2022-02-22T17:28:36 IST" duration-ms="48006">
      <class name="Test.Gtpltest">
        <test-method is-config="true" signature="Load(java.lang.String)[pri:0, instance:Test.Gtpltest@7c729a55]" started-at="2022-02-22T17:27:48 IST" name="Load" finished-at="2022-02-22T17:28:27 IST" duration-ms="38406" status="PASS">
          <params>
            <param index="0">
              <value>
                <![CDATA[https://demo.guru99.com/V1/]]>
              </value>
            </param>
          </params>
          <reporter-output>
          </reporter-output>
        </test-method> <!-- Load -->
        <test-method signature="emailtest(java.lang.String,java.lang.String)[pri:1, instance:Test.Gtpltest@7c729a55]" started-at="2022-02-22T17:28:27 IST" name="emailtest" finished-at="2022-02-22T17:28:30 IST" duration-ms="3170" status="PASS">
          <params>
            <param index="0">
              <value>
                <![CDATA[mngr384414]]>
              </value>
            </param>
            <param index="1">
              <value>
                <![CDATA[ryrUmYq]]>
              </value>
            </param>
          </params>
          <reporter-output>
          </reporter-output>
        </test-method> <!-- emailtest -->
        <test-method signature="searchtest()[pri:2, instance:Test.Gtpltest@7c729a55]" started-at="2022-02-22T17:28:30 IST" name="searchtest" finished-at="2022-02-22T17:28:34 IST" duration-ms="4432" status="PASS">
          <reporter-output>
          </reporter-output>
        </test-method> <!-- searchtest -->
        <test-method signature="Newaccounttest()[pri:3, instance:Test.Gtpltest@7c729a55]" started-at="2022-02-22T17:28:34 IST" name="Newaccounttest" finished-at="2022-02-22T17:28:36 IST" duration-ms="1900" status="PASS">
          <reporter-output>
          </reporter-output>
        </test-method> <!-- Newaccounttest -->
      </class> <!-- Test.Gtpltest -->
    </test> <!-- Test -->
  </suite> <!-- Suite -->
</testng-results>
